# JRE version: OpenJDK Runtime Environment Temurin-17.0.3+7 (17.0.3+7) (build 17.0.3+7)
# Java VM: OpenJDK 64-Bit Server VM Temurin-17.0.3+7 (17.0.3+7, mixed mode, sharing, tiered, compressed oops, compressed class ptrs, g1 gc, windows-amd64)
GC Precious Log:
 CPUs: 8 total, 8 available
 Memory: 8077M
 Large Page Support: Disabled
 NUMA Support: Disabled
 Compressed Oops: Enabled (Zero based)
 Heap Region Size: 2M
 Heap Min Capacity: 512M
 Heap Initial Capacity: 512M
 Heap Max Capacity: 4072M
 Pre-touch: Disabled
 Parallel Workers: 8
 Concurrent Workers: 2
 Concurrent Refinement Workers: 8
 Periodic GC: Disabled
 String Deduplication is enabled
Heap:
 garbage-first heap   total 524288K, used 109068K [0x0000000701800000, 0x0000000800000000)
  region size 2048K, 14 young (28672K), 1 survivors (2048K)
 Metaspace       used 83382K, committed 84032K, reserved 1122304K
  class space    used 11754K, committed 12096K, reserved 1048576K
GC Heap History (20 events):
Event: 26.666 GC heap before
{Heap before GC invocations=14 (full 1):
 garbage-first heap   total 524288K, used 149990K [0x0000000701800000, 0x0000000800000000)
  region size 2048K, 40 young (81920K), 5 survivors (10240K)
 Metaspace       used 71965K, committed 72448K, reserved 1114112K
  class space    used 10382K, committed 10624K, reserved 1048576K
}
Event: 26.674 GC heap after
{Heap after GC invocations=15 (full 1):
 garbage-first heap   total 524288K, used 78807K [0x0000000701800000, 0x0000000800000000)
  region size 2048K, 2 young (4096K), 2 survivors (4096K)
 Metaspace       used 71965K, committed 72448K, reserved 1114112K
  class space    used 10382K, committed 10624K, reserved 1048576K
}
Event: 27.585 GC heap before
{Heap before GC invocations=15 (full 1):
 garbage-first heap   total 524288K, used 156631K [0x0000000701800000, 0x0000000800000000)
  region size 2048K, 40 young (81920K), 2 survivors (4096K)
 Metaspace       used 72436K, committed 72832K, reserved 1114112K
  class space    used 10406K, committed 10624K, reserved 1048576K
}
Event: 27.591 GC heap after
{Heap after GC invocations=16 (full 1):
 garbage-first heap   total 524288K, used 79888K [0x0000000701800000, 0x0000000800000000)
  region size 2048K, 2 young (4096K), 2 survivors (4096K)
 Metaspace       used 72436K, committed 72832K, reserved 1114112K
  class space    used 10406K, committed 10624K, reserved 1048576K
}
Event: 30.032 GC heap before
{Heap before GC invocations=16 (full 1):
 garbage-first heap   total 524288K, used 151568K [0x0000000701800000, 0x0000000800000000)
  region size 2048K, 38 young (77824K), 2 survivors (4096K)
 Metaspace       used 73142K, committed 73600K, reserved 1114112K
  class space    used 10470K, committed 10688K, reserved 1048576K
}
Event: 30.092 GC heap after
{Heap after GC invocations=17 (full 2):
 garbage-first heap   total 524288K, used 73884K [0x0000000701800000, 0x0000000800000000)
  region size 2048K, 0 young (0K), 0 survivors (0K)
 Metaspace       used 73142K, committed 73600K, reserved 1114112K
  class space    used 10470K, committed 10688K, reserved 1048576K
}
Event: 33.197 GC heap before
{Heap before GC invocations=17 (full 2):
 garbage-first heap   total 524288K, used 155804K [0x0000000701800000, 0x0000000800000000)
  region size 2048K, 40 young (81920K), 0 survivors (0K)
 Metaspace       used 74638K, committed 75136K, reserved 1114112K
  class space    used 10651K, committed 10880K, reserved 1048576K
}
Event: 33.202 GC heap after
{Heap after GC invocations=18 (full 2):
 garbage-first heap   total 524288K, used 75613K [0x0000000701800000, 0x0000000800000000)
  region size 2048K, 1 young (2048K), 1 survivors (2048K)
 Metaspace       used 74638K, committed 75136K, reserved 1114112K
  class space    used 10651K, committed 10880K, reserved 1048576K
}
Event: 37.204 GC heap before
{Heap before GC invocations=18 (full 2):
 garbage-first heap   total 524288K, used 155485K [0x0000000701800000, 0x0000000800000000)
  region size 2048K, 40 young (81920K), 1 survivors (2048K)
 Metaspace       used 76251K, committed 76864K, reserved 1122304K
  class space    used 10857K, committed 11136K, reserved 1048576K
}
Event: 37.208 GC heap after
{Heap after GC invocations=19 (full 2):
 garbage-first heap   total 524288K, used 77531K [0x0000000701800000, 0x0000000800000000)
  region size 2048K, 2 young (4096K), 2 survivors (4096K)
 Metaspace       used 76251K, committed 76864K, reserved 1122304K
  class space    used 10857K, committed 11136K, reserved 1048576K
}
Event: 45.339 GC heap before
{Heap before GC invocations=19 (full 2):
 garbage-first heap   total 524288K, used 155355K [0x0000000701800000, 0x0000000800000000)
  region size 2048K, 40 young (81920K), 2 survivors (4096K)
 Metaspace       used 77634K, committed 78208K, reserved 1122304K
  class space    used 11101K, committed 11392K, reserved 1048576K
}
Event: 45.345 GC heap after
{Heap after GC invocations=20 (full 2):
 garbage-first heap   total 524288K, used 80925K [0x0000000701800000, 0x0000000800000000)
  region size 2048K, 4 young (8192K), 4 survivors (8192K)
 Metaspace       used 77634K, committed 78208K, reserved 1122304K
  class space    used 11101K, committed 11392K, reserved 1048576K
}
Event: 46.848 GC heap before
{Heap before GC invocations=20 (full 2):
 garbage-first heap   total 524288K, used 154653K [0x0000000701800000, 0x0000000800000000)
  region size 2048K, 40 young (81920K), 4 survivors (8192K)
 Metaspace       used 80475K, committed 81024K, reserved 1122304K
  class space    used 11519K, committed 11776K, reserved 1048576K
}
Event: 46.859 GC heap after
{Heap after GC invocations=21 (full 2):
 garbage-first heap   total 524288K, used 85728K [0x0000000701800000, 0x0000000800000000)
  region size 2048K, 5 young (10240K), 5 survivors (10240K)
 Metaspace       used 80475K, committed 81024K, reserved 1122304K
  class space    used 11519K, committed 11776K, reserved 1048576K
}
Event: 47.305 GC heap before
{Heap before GC invocations=21 (full 2):
 garbage-first heap   total 524288K, used 100064K [0x0000000701800000, 0x0000000800000000)
  region size 2048K, 11 young (22528K), 5 survivors (10240K)
 Metaspace       used 81475K, committed 82048K, reserved 1122304K
  class space    used 11614K, committed 11904K, reserved 1048576K
}
Event: 47.371 GC heap after
{Heap after GC invocations=22 (full 3):
 garbage-first heap   total 524288K, used 83395K [0x0000000701800000, 0x0000000800000000)
  region size 2048K, 0 young (0K), 0 survivors (0K)
 Metaspace       used 81475K, committed 82048K, reserved 1122304K
  class space    used 11614K, committed 11904K, reserved 1048576K
}
Event: 85.359 GC heap before
{Heap before GC invocations=22 (full 3):
 garbage-first heap   total 524288K, used 165315K [0x0000000701800000, 0x0000000800000000)
  region size 2048K, 40 young (81920K), 0 survivors (0K)
 Metaspace       used 82567K, committed 83200K, reserved 1122304K
  class space    used 11687K, committed 12032K, reserved 1048576K
}
Event: 85.362 GC heap after
{Heap after GC invocations=23 (full 3):
 garbage-first heap   total 524288K, used 84893K [0x0000000701800000, 0x0000000800000000)
  region size 2048K, 1 young (2048K), 1 survivors (2048K)
 Metaspace       used 82567K, committed 83200K, reserved 1122304K
  class space    used 11687K, committed 12032K, reserved 1048576K
}
Event: 89.474 GC heap before
{Heap before GC invocations=23 (full 3):
 garbage-first heap   total 524288K, used 164765K [0x0000000701800000, 0x0000000800000000)
  region size 2048K, 40 young (81920K), 1 survivors (2048K)
 Metaspace       used 83190K, committed 83840K, reserved 1122304K
  class space    used 11743K, committed 12096K, reserved 1048576K
}
Event: 89.477 GC heap after
{Heap after GC invocations=24 (full 3):
 garbage-first heap   total 524288K, used 84492K [0x0000000701800000, 0x0000000800000000)
  region size 2048K, 1 young (2048K), 1 survivors (2048K)
 Metaspace       used 83190K, committed 83840K, reserved 1122304K
  class space    used 11743K, committed 12096K, reserved 1048576K
}

